
**** Build of configuration Debug for project lab1 ****

"C:\\ti\\ccs930\\ccs\\utils\\bin\\gmake" -k -j 8 all -O 
 
Building file: "../lab1part1_routine.s"
Invoking: ARM Compiler
"C:/ti/ccs930/ccs/tools/compiler/ti-cgt-arm_18.12.8.LTS/bin/armcl" -mv7M4 --code_state=16 --float_support=FPv4SPD16 -me --include_path="L:/CSE379/lab1" --include_path="C:/ti/ccs930/ccs/tools/compiler/ti-cgt-arm_18.12.8.LTS/include" --define=ccs="ccs" --define=PART_TM4C123GH6PM -g --gcc --diag_warning=225 --diag_wrap=off --display_error_number --abi=eabi --preproc_with_compile --preproc_dependency="lab1part1_routine.d_raw"  "../lab1part1_routine.s"
Finished building: "../lab1part1_routine.s"
 
Building file: "../lab1part1.c"
Invoking: ARM Compiler
"C:/ti/ccs930/ccs/tools/compiler/ti-cgt-arm_18.12.8.LTS/bin/armcl" -mv7M4 --code_state=16 --float_support=FPv4SPD16 -me --include_path="L:/CSE379/lab1" --include_path="C:/ti/ccs930/ccs/tools/compiler/ti-cgt-arm_18.12.8.LTS/include" --define=ccs="ccs" --define=PART_TM4C123GH6PM -g --gcc --diag_warning=225 --diag_wrap=off --display_error_number --abi=eabi --preproc_with_compile --preproc_dependency="lab1part1.d_raw"  "../lab1part1.c"
Finished building: "../lab1part1.c"
 
Building file: "../tm4c123gh6pm_startup_ccs.c"
Invoking: ARM Compiler
"C:/ti/ccs930/ccs/tools/compiler/ti-cgt-arm_18.12.8.LTS/bin/armcl" -mv7M4 --code_state=16 --float_support=FPv4SPD16 -me --include_path="L:/CSE379/lab1" --include_path="C:/ti/ccs930/ccs/tools/compiler/ti-cgt-arm_18.12.8.LTS/include" --define=ccs="ccs" --define=PART_TM4C123GH6PM -g --gcc --diag_warning=225 --diag_wrap=off --display_error_number --abi=eabi --preproc_with_compile --preproc_dependency="tm4c123gh6pm_startup_ccs.d_raw"  "../tm4c123gh6pm_startup_ccs.c"
Finished building: "../tm4c123gh6pm_startup_ccs.c"
 
Building target: "lab1.out"
Invoking: ARM Linker
"C:/ti/ccs930/ccs/tools/compiler/ti-cgt-arm_18.12.8.LTS/bin/armcl" -mv7M4 --code_state=16 --float_support=FPv4SPD16 -me --define=ccs="ccs" --define=PART_TM4C123GH6PM -g --gcc --diag_warning=225 --diag_wrap=off --display_error_number --abi=eabi -z -m"lab1.map" --heap_size=0 --stack_size=512 -i"C:/ti/ccs930/ccs/tools/compiler/ti-cgt-arm_18.12.8.LTS/lib" -i"C:/ti/ccs930/ccs/tools/compiler/ti-cgt-arm_18.12.8.LTS/include" --reread_libs --diag_wrap=off --display_error_number --warn_sections --xml_link_info="lab1_linkInfo.xml" --rom_model -o "lab1.out" "./lab1part1.obj" "./lab1part1_routine.obj" "./tm4c123gh6pm_startup_ccs.obj" "../tm4c123gh6pm.cmd"  -llibc.a 
<Linking>
Finished building target: "lab1.out"
 

**** Build Finished ****
